<?xml version="1.0" encoding="UTF-8"?>
<!-- Generated by org.testng.reporters.JUnitXMLReporter -->
<testsuite hostname="Veenas-MacBook-Pro-2.local" ignored="0" name="Default test" tests="5" failures="0" timestamp="29 Mar 2018 20:51:48 GMT" time="21.365" errors="0">
  <testcase name="verifySearchItem" time="3.128" classname="testNG.AmazTestNG"/>
  <testcase name="verifyFilterItem" time="0.348" classname="testNG.AmazTestNG"/>
  <testcase name="verifyPrimeItem" time="0.109" classname="testNG.AmazTestNG"/>
  <testcase name="verifySelectItem" time="2.769" classname="testNG.AmazTestNG"/>
  <testcase name="verifyAddToBasket" time="4.415" classname="testNG.AmazTestNG"/>
</testsuite> <!-- Default test -->
