<?xml version="1.0" encoding="UTF-8"?>
<!-- Generated by org.testng.reporters.JUnitXMLReporter -->
<testsuite hostname="Veenas-MacBook-Pro-2.local" ignored="0" name="Test" tests="1" failures="0" timestamp="12 Mar 2018 20:16:29 GMT" time="0.027" errors="0">
  <testcase name="@BeforeClass invokeBrowser" time="0.0" classname="testNG.AmazonTestNG">
    <failure type="org.testng.TestNGException" message="
Can inject only one of &amp;lt;ITestContext, XmlTest&amp;gt; into a @BeforeClass annotated invokeBrowser.
For more information on native dependency injection please refer to http://testng.org/doc/documentation-main.html#native-dependency-injection">
      <![CDATA[org.testng.TestNGException: 
Can inject only one of <ITestContext, XmlTest> into a @BeforeClass annotated invokeBrowser.
For more information on native dependency injection please refer to http://testng.org/doc/documentation-main.html#native-dependency-injection
... Removed 23 stack frames]]>
    </failure>
  </testcase> <!-- @BeforeClass invokeBrowser -->
  <testcase name="@AfterClass afterClass" time="0.0" classname="testNG.AmazonTestNG">
    <skipped/>
  </testcase> <!-- @AfterClass afterClass -->
  <testcase name="searchItem" time="0.0" classname="testNG.AmazonTestNG">
    <skipped/>
  </testcase> <!-- searchItem -->
</testsuite> <!-- Test -->
