<?xml version="1.0" encoding="UTF-8"?>
<testng-results skipped="0" failed="0" ignored="0" total="5" passed="5">
  <reporter-output>
  </reporter-output>
  <suite name="Default suite" duration-ms="21365" started-at="2018-03-29T20:51:27Z" finished-at="2018-03-29T20:51:48Z">
    <groups>
    </groups>
    <test name="Default test" duration-ms="21365" started-at="2018-03-29T20:51:27Z" finished-at="2018-03-29T20:51:48Z">
      <class name="testNG.AmazTestNG">
        <test-method status="PASS" signature="HomePage()[pri:0, instance:testNG.AmazTestNG@5123a213]" name="HomePage" is-config="true" duration-ms="3216" started-at="2018-03-29T20:51:27Z" finished-at="2018-03-29T20:51:30Z">
          <reporter-output>
          </reporter-output>
        </test-method> <!-- HomePage -->
        <test-method status="PASS" signature="refreshPage()[pri:0, instance:testNG.AmazTestNG@5123a213]" name="refreshPage" is-config="true" duration-ms="956" started-at="2018-03-29T20:51:30Z" finished-at="2018-03-29T20:51:31Z">
          <reporter-output>
          </reporter-output>
        </test-method> <!-- refreshPage -->
        <test-method status="PASS" signature="verifySearchItem()[pri:0, instance:testNG.AmazTestNG@5123a213]" name="verifySearchItem" duration-ms="3128" started-at="2018-03-29T20:51:31Z" finished-at="2018-03-29T20:51:34Z">
          <reporter-output>
          </reporter-output>
        </test-method> <!-- verifySearchItem -->
        <test-method status="PASS" signature="refreshPage()[pri:0, instance:testNG.AmazTestNG@5123a213]" name="refreshPage" is-config="true" duration-ms="1222" started-at="2018-03-29T20:51:34Z" finished-at="2018-03-29T20:51:36Z">
          <reporter-output>
          </reporter-output>
        </test-method> <!-- refreshPage -->
        <test-method status="PASS" signature="verifyFilterItem()[pri:1, instance:testNG.AmazTestNG@5123a213]" name="verifyFilterItem" duration-ms="348" started-at="2018-03-29T20:51:36Z" finished-at="2018-03-29T20:51:36Z">
          <reporter-output>
          </reporter-output>
        </test-method> <!-- verifyFilterItem -->
        <test-method status="PASS" signature="refreshPage()[pri:0, instance:testNG.AmazTestNG@5123a213]" name="refreshPage" is-config="true" duration-ms="2029" started-at="2018-03-29T20:51:36Z" finished-at="2018-03-29T20:51:38Z">
          <reporter-output>
          </reporter-output>
        </test-method> <!-- refreshPage -->
        <test-method status="PASS" signature="verifyPrimeItem()[pri:2, instance:testNG.AmazTestNG@5123a213]" name="verifyPrimeItem" duration-ms="109" started-at="2018-03-29T20:51:38Z" finished-at="2018-03-29T20:51:38Z">
          <reporter-output>
          </reporter-output>
        </test-method> <!-- verifyPrimeItem -->
        <test-method status="PASS" signature="refreshPage()[pri:0, instance:testNG.AmazTestNG@5123a213]" name="refreshPage" is-config="true" duration-ms="1211" started-at="2018-03-29T20:51:38Z" finished-at="2018-03-29T20:51:39Z">
          <reporter-output>
          </reporter-output>
        </test-method> <!-- refreshPage -->
        <test-method status="PASS" signature="verifySelectItem()[pri:3, instance:testNG.AmazTestNG@5123a213]" name="verifySelectItem" duration-ms="2769" started-at="2018-03-29T20:51:39Z" finished-at="2018-03-29T20:51:42Z">
          <reporter-output>
          </reporter-output>
        </test-method> <!-- verifySelectItem -->
        <test-method status="PASS" signature="refreshPage()[pri:0, instance:testNG.AmazTestNG@5123a213]" name="refreshPage" is-config="true" duration-ms="1776" started-at="2018-03-29T20:51:42Z" finished-at="2018-03-29T20:51:44Z">
          <reporter-output>
          </reporter-output>
        </test-method> <!-- refreshPage -->
        <test-method status="PASS" signature="verifyAddToBasket()[pri:4, instance:testNG.AmazTestNG@5123a213]" name="verifyAddToBasket" duration-ms="4415" started-at="2018-03-29T20:51:44Z" finished-at="2018-03-29T20:51:48Z">
          <reporter-output>
          </reporter-output>
        </test-method> <!-- verifyAddToBasket -->
        <test-method status="PASS" signature="closeBrowser()[pri:0, instance:testNG.AmazTestNG@5123a213]" name="closeBrowser" is-config="true" duration-ms="167" started-at="2018-03-29T20:51:48Z" finished-at="2018-03-29T20:51:48Z">
          <reporter-output>
          </reporter-output>
        </test-method> <!-- closeBrowser -->
      </class> <!-- testNG.AmazTestNG -->
    </test> <!-- Default test -->
  </suite> <!-- Default suite -->
</testng-results>
