<?xml version="1.0" encoding="UTF-8"?>
<!-- Generated by org.testng.reporters.JUnitXMLReporter -->
<testsuite hostname="Veenas-MacBook-Pro-2.local" ignored="0" name="Add to Basket" tests="4" failures="0" timestamp="13 Mar 2018 07:07:50 GMT" time="28.619" errors="0">
  <testcase name="searchItem" time="4.748" classname="testNG.AmazonTestNG"/>
  <testcase name="filterPrime" time="5.04" classname="testNG.AmazonTestNG"/>
  <testcase name="selectItem" time="4.776" classname="testNG.AmazonTestNG"/>
  <testcase name="optionAddItem" time="5.098" classname="testNG.AmazonTestNG"/>
</testsuite> <!-- Add to Basket -->
